<?xml version="1.0" encoding="UTF-8"?>
<!-- Generated by org.testng.reporters.JUnitReportReporter -->
<testsuite hostname="DESKTOP-CQ5J57P" failures="0" tests="5" name="sprint1.day1" time="3.398" errors="0" timestamp="2020-12-24T13:13:29 EST" skipped="0">
  <testcase classname="sprint1.day1" name="getUrl" time="2.107"/>
  <system-out/>
  <testcase classname="sprint1.day1" name="verifyHomepageTitle" time="0.133"/>
  <system-out/>
  <testcase classname="sprint1.day1" name="verifySigninPage" time="1.120"/>
  <system-out/>
  <testcase classname="sprint1.day1" name="verifySignupForm" time="0.020"/>
  <system-out/>
  <testcase classname="sprint1.day1" name="verifyAuthentificForm" time="0.018"/>
  <system-out/>
</testsuite> <!-- sprint1.day1 -->
