<?xml version="1.0" encoding="UTF-8"?>
<!-- Generated by org.testng.reporters.JUnitReportReporter -->
<testsuite hostname="DESKTOP-CQ5J57P" failures="0" tests="1" name="groups.Groups2" time="1.212" errors="0" timestamp="2020-12-25T14:30:57 EST" skipped="0">
  <testcase classname="groups.Groups2" name="getUrl" time="1.212"/>
  <system-out/>
</testsuite> <!-- groups.Groups2 -->
