<?xml version="1.0" encoding="UTF-8"?>
<!-- Generated by org.testng.reporters.JUnitReportReporter -->
<testsuite hostname="DESKTOP-CQ5J57P" failures="0" tests="2" name="parameter.Pack1" time="21.221" errors="0" timestamp="2021-01-22T11:01:52 EST" skipped="0">
  <testcase classname="parameter.Pack1" name="TestChrome" time="10.480"/>
  <system-out/>
  <testcase classname="parameter.Pack1" name="TestChrome" time="10.741"/>
  <system-out/>
</testsuite> <!-- parameter.Pack1 -->
