<?xml version="1.0" encoding="UTF-8"?>
<!-- Generated by org.testng.reporters.JUnitReportReporter -->
<testsuite hostname="DESKTOP-CQ5J57P" failures="0" tests="3" name="groups.Groups1" time="45.177" errors="0" timestamp="2020-12-25T14:30:57 EST" skipped="0">
  <testcase classname="groups.Groups1" name="getUrl" time="1.603"/>
  <system-out/>
  <testcase classname="groups.Groups1" name="fillInSignupForm1" time="5.172"/>
  <system-out/>
  <testcase classname="groups.Groups1" name="fillInSignupForm1" time="38.402"/>
  <system-out/>
</testsuite> <!-- groups.Groups1 -->
